# JRE version: OpenJDK Runtime Environment (8.0_242-b01) (build 1.8.0_242-release-1644-b01)
# Java VM: OpenJDK 64-Bit Server VM (25.242-b01 mixed mode windows-amd64 compressed oops)
Heap:
 PSYoungGen      total 1090560K, used 897476K [0x000000076ab00000, 0x00000007b1e80000, 0x00000007c0000000)
  eden space 1018368K, 83% used [0x000000076ab00000,0x000000079ec377a8,0x00000007a8d80000)
  from space 72192K, 61% used [0x00000007ad800000,0x00000007b0339a30,0x00000007b1e80000)
  to   space 74240K, 0% used [0x00000007a8d80000,0x00000007a8d80000,0x00000007ad600000)
 ParOldGen       total 307712K, used 199592K [0x00000006c0000000, 0x00000006d2c80000, 0x000000076ab00000)
  object space 307712K, 64% used [0x00000006c0000000,0x00000006cc2ea040,0x00000006d2c80000)
 Metaspace       used 163522K, capacity 171624K, committed 171864K, reserved 1200128K
  class space    used 19902K, capacity 21375K, committed 21376K, reserved 1048576K
GC Heap History (10 events):
Event: 760.510 GC heap before
{Heap before GC invocations=137 (full 9):
 PSYoungGen      total 1054208K, used 1054198K [0x000000076ab00000, 0x00000007b1c00000, 0x00000007c0000000)
  eden space 989184K, 100% used [0x000000076ab00000,0x00000007a7100000,0x00000007a7100000)
  from space 65024K, 99% used [0x00000007a7100000,0x00000007ab07da00,0x00000007ab080000)
  to   space 79360K, 0% used [0x00000007ace80000,0x00000007ace80000,0x00000007b1c00000)
 ParOldGen       total 307712K, used 182784K [0x00000006c0000000, 0x00000006d2c80000, 0x000000076ab00000)
  object space 307712K, 59% used [0x00000006c0000000,0x00000006cb2802f0,0x00000006d2c80000)
 Metaspace       used 127519K, capacity 133350K, committed 135256K, reserved 1167360K
  class space    used 15913K, capacity 16973K, committed 17536K, reserved 1048576K
Event: 760.843 GC heap after
Heap after GC invocations=137 (full 9):
 PSYoungGen      total 1070592K, used 20712K [0x000000076ab00000, 0x00000007b1180000, 0x00000007c0000000)
  eden space 1001984K, 0% used [0x000000076ab00000,0x000000076ab00000,0x00000007a7d80000)
  from space 68608K, 30% used [0x00000007ace80000,0x00000007ae2ba058,0x00000007b1180000)
  to   space 75776K, 0% used [0x00000007a7d80000,0x00000007a7d80000,0x00000007ac780000)
 ParOldGen       total 307712K, used 199560K [0x00000006c0000000, 0x00000006d2c80000, 0x000000076ab00000)
  object space 307712K, 64% used [0x00000006c0000000,0x00000006cc2e2040,0x00000006d2c80000)
 Metaspace       used 127519K, capacity 133350K, committed 135256K, reserved 1167360K
  class space    used 15913K, capacity 16973K, committed 17536K, reserved 1048576K
}
Event: 787.110 GC heap before
{Heap before GC invocations=138 (full 9):
 PSYoungGen      total 1070592K, used 1022696K [0x000000076ab00000, 0x00000007b1180000, 0x00000007c0000000)
  eden space 1001984K, 100% used [0x000000076ab00000,0x00000007a7d80000,0x00000007a7d80000)
  from space 68608K, 30% used [0x00000007ace80000,0x00000007ae2ba058,0x00000007b1180000)
  to   space 75776K, 0% used [0x00000007a7d80000,0x00000007a7d80000,0x00000007ac780000)
 ParOldGen       total 307712K, used 199560K [0x00000006c0000000, 0x00000006d2c80000, 0x000000076ab00000)
  object space 307712K, 64% used [0x00000006c0000000,0x00000006cc2e2040,0x00000006d2c80000)
 Metaspace       used 130502K, capacity 136576K, committed 137816K, reserved 1169408K
  class space    used 16250K, capacity 17359K, committed 17792K, reserved 1048576K
Event: 787.666 GC heap after
Heap after GC invocations=138 (full 9):
 PSYoungGen      total 1077760K, used 39151K [0x000000076ab00000, 0x00000007b1c80000, 0x00000007c0000000)
  eden space 1001984K, 0% used [0x000000076ab00000,0x000000076ab00000,0x00000007a7d80000)
  from space 75776K, 51% used [0x00000007a7d80000,0x00000007aa3bbf50,0x00000007ac780000)
  to   space 74752K, 0% used [0x00000007ad380000,0x00000007ad380000,0x00000007b1c80000)
 ParOldGen       total 307712K, used 199568K [0x00000006c0000000, 0x00000006d2c80000, 0x000000076ab00000)
  object space 307712K, 64% used [0x00000006c0000000,0x00000006cc2e4040,0x00000006d2c80000)
 Metaspace       used 130502K, capacity 136576K, committed 137816K, reserved 1169408K
  class space    used 16250K, capacity 17359K, committed 17792K, reserved 1048576K
}
Event: 1748.412 GC heap before
{Heap before GC invocations=139 (full 9):
 PSYoungGen      total 1077760K, used 1041135K [0x000000076ab00000, 0x00000007b1c80000, 0x00000007c0000000)
  eden space 1001984K, 100% used [0x000000076ab00000,0x00000007a7d80000,0x00000007a7d80000)
  from space 75776K, 51% used [0x00000007a7d80000,0x00000007aa3bbf50,0x00000007ac780000)
  to   space 74752K, 0% used [0x00000007ad380000,0x00000007ad380000,0x00000007b1c80000)
 ParOldGen       total 307712K, used 199568K [0x00000006c0000000, 0x00000006d2c80000, 0x000000076ab00000)
  object space 307712K, 64% used [0x00000006c0000000,0x00000006cc2e4040,0x00000006d2c80000)
 Metaspace       used 136211K, capacity 142814K, committed 143448K, reserved 1175552K
  class space    used 16752K, capacity 17970K, committed 18304K, reserved 1048576K
Event: 1748.540 GC heap after
Heap after GC invocations=139 (full 9):
 PSYoungGen      total 1084928K, used 42725K [0x000000076ab00000, 0x00000007b1a80000, 0x00000007c0000000)
  eden space 1012224K, 0% used [0x000000076ab00000,0x000000076ab00000,0x00000007a8780000)
  from space 72704K, 58% used [0x00000007ad380000,0x00000007afd39548,0x00000007b1a80000)
  to   space 75264K, 0% used [0x00000007a8780000,0x00000007a8780000,0x00000007ad100000)
 ParOldGen       total 307712K, used 199576K [0x00000006c0000000, 0x00000006d2c80000, 0x000000076ab00000)
  object space 307712K, 64% used [0x00000006c0000000,0x00000006cc2e6040,0x00000006d2c80000)
 Metaspace       used 136211K, capacity 142814K, committed 143448K, reserved 1175552K
  class space    used 16752K, capacity 17970K, committed 18304K, reserved 1048576K
}
Event: 1946.977 GC heap before
{Heap before GC invocations=140 (full 9):
 PSYoungGen      total 1084928K, used 1054949K [0x000000076ab00000, 0x00000007b1a80000, 0x00000007c0000000)
  eden space 1012224K, 100% used [0x000000076ab00000,0x00000007a8780000,0x00000007a8780000)
  from space 72704K, 58% used [0x00000007ad380000,0x00000007afd39548,0x00000007b1a80000)
  to   space 75264K, 0% used [0x00000007a8780000,0x00000007a8780000,0x00000007ad100000)
 ParOldGen       total 307712K, used 199576K [0x00000006c0000000, 0x00000006d2c80000, 0x000000076ab00000)
  object space 307712K, 64% used [0x00000006c0000000,0x00000006cc2e6040,0x00000006d2c80000)
 Metaspace       used 145349K, capacity 152372K, committed 152920K, reserved 1183744K
  class space    used 17787K, capacity 19067K, committed 19328K, reserved 1048576K
Event: 1947.074 GC heap after
Heap after GC invocations=140 (full 9):
 PSYoungGen      total 1087488K, used 40290K [0x000000076ab00000, 0x00000007b2080000, 0x00000007c0000000)
  eden space 1012224K, 0% used [0x000000076ab00000,0x000000076ab00000,0x00000007a8780000)
  from space 75264K, 53% used [0x00000007a8780000,0x00000007aaed8a40,0x00000007ad100000)
  to   space 74240K, 0% used [0x00000007ad800000,0x00000007ad800000,0x00000007b2080000)
 ParOldGen       total 307712K, used 199584K [0x00000006c0000000, 0x00000006d2c80000, 0x000000076ab00000)
  object space 307712K, 64% used [0x00000006c0000000,0x00000006cc2e8040,0x00000006d2c80000)
 Metaspace       used 145349K, capacity 152372K, committed 152920K, reserved 1183744K
  class space    used 17787K, capacity 19067K, committed 19328K, reserved 1048576K
}
Event: 2098.564 GC heap before
{Heap before GC invocations=141 (full 9):
 PSYoungGen      total 1087488K, used 1052514K [0x000000076ab00000, 0x00000007b2080000, 0x00000007c0000000)
  eden space 1012224K, 100% used [0x000000076ab00000,0x00000007a8780000,0x00000007a8780000)
  from space 75264K, 53% used [0x00000007a8780000,0x00000007aaed8a40,0x00000007ad100000)
  to   space 74240K, 0% used [0x00000007ad800000,0x00000007ad800000,0x00000007b2080000)
 ParOldGen       total 307712K, used 199584K [0x00000006c0000000, 0x00000006d2c80000, 0x000000076ab00000)
  object space 307712K, 64% used [0x00000006c0000000,0x00000006cc2e8040,0x00000006d2c80000)
 Metaspace       used 154500K, capacity 162228K, committed 162392K, reserved 1191936K
  class space    used 18861K, capacity 20251K, committed 20352K, reserved 1048576K
Event: 2098.779 GC heap after
Heap after GC invocations=141 (full 9):
 PSYoungGen      total 1090560K, used 44262K [0x000000076ab00000, 0x00000007b1e80000, 0x00000007c0000000)
  eden space 1018368K, 0% used [0x000000076ab00000,0x000000076ab00000,0x00000007a8d80000)
  from space 72192K, 61% used [0x00000007ad800000,0x00000007b0339a30,0x00000007b1e80000)
  to   space 74240K, 0% used [0x00000007a8d80000,0x00000007a8d80000,0x00000007ad600000)
 ParOldGen       total 307712K, used 199592K [0x00000006c0000000, 0x00000006d2c80000, 0x000000076ab00000)
  object space 307712K, 64% used [0x00000006c0000000,0x00000006cc2ea040,0x00000006d2c80000)
 Metaspace       used 154500K, capacity 162228K, committed 162392K, reserved 1191936K
  class space    used 18861K, capacity 20251K, committed 20352K, reserved 1048576K
}

